<?xml version="1.0" encoding="UTF-8"?>
<testsuite xmlns:xsi="http://www.w3.org/2001/XMLSchema-instance" xsi:noNamespaceSchemaLocation="https://maven.apache.org/surefire/maven-surefire-plugin/xsd/surefire-test-report.xsd" name="com.pim.poc.mongodb.connection.MongoDbConnectionTest" time="0.447" tests="1" errors="0" skipped="0" failures="0">
  <properties>
    <property name="sun.desktop" value="windows"/>
    <property name="awt.toolkit" value="sun.awt.windows.WToolkit"/>
    <property name="file.encoding.pkg" value="sun.io"/>
    <property name="java.specification.version" value="1.8"/>
    <property name="sun.cpu.isalist" value="amd64"/>
    <property name="sun.jnu.encoding" value="Cp1252"/>
    <property name="java.class.path" value="D:\Girija\PIM\workspace\mongo\target\test-classes;D:\Girija\PIM\workspace\mongo\target\classes;D:\Girija\Repos\org\mockito\mockito-core\2.21.0\mockito-core-2.21.0.jar;D:\Girija\Repos\net\bytebuddy\byte-buddy\1.8.15\byte-buddy-1.8.15.jar;D:\Girija\Repos\net\bytebuddy\byte-buddy-agent\1.8.15\byte-buddy-agent-1.8.15.jar;D:\Girija\Repos\org\objenesis\objenesis\2.6\objenesis-2.6.jar;D:\Girija\Repos\org\projectlombok\lombok\1.18.8\lombok-1.18.8.jar;D:\Girija\Repos\org\springframework\boot\spring-boot-starter-web\1.5.10.RELEASE\spring-boot-starter-web-1.5.10.RELEASE.jar;D:\Girija\Repos\org\springframework\boot\spring-boot-starter\1.5.10.RELEASE\spring-boot-starter-1.5.10.RELEASE.jar;D:\Girija\Repos\org\springframework\boot\spring-boot-starter-logging\1.5.10.RELEASE\spring-boot-starter-logging-1.5.10.RELEASE.jar;D:\Girija\Repos\ch\qos\logback\logback-classic\1.1.11\logback-classic-1.1.11.jar;D:\Girija\Repos\ch\qos\logback\logback-core\1.1.11\logback-core-1.1.11.jar;D:\Girija\Repos\org\slf4j\jcl-over-slf4j\1.7.25\jcl-over-slf4j-1.7.25.jar;D:\Girija\Repos\org\slf4j\jul-to-slf4j\1.7.25\jul-to-slf4j-1.7.25.jar;D:\Girija\Repos\org\slf4j\log4j-over-slf4j\1.7.25\log4j-over-slf4j-1.7.25.jar;D:\Girija\Repos\org\yaml\snakeyaml\1.17\snakeyaml-1.17.jar;D:\Girija\Repos\org\springframework\boot\spring-boot-starter-tomcat\1.5.10.RELEASE\spring-boot-starter-tomcat-1.5.10.RELEASE.jar;D:\Girija\Repos\org\apache\tomcat\embed\tomcat-embed-core\8.5.27\tomcat-embed-core-8.5.27.jar;D:\Girija\Repos\org\apache\tomcat\tomcat-annotations-api\8.5.27\tomcat-annotations-api-8.5.27.jar;D:\Girija\Repos\org\apache\tomcat\embed\tomcat-embed-el\8.5.27\tomcat-embed-el-8.5.27.jar;D:\Girija\Repos\org\apache\tomcat\embed\tomcat-embed-websocket\8.5.27\tomcat-embed-websocket-8.5.27.jar;D:\Girija\Repos\org\hibernate\hibernate-validator\5.3.6.Final\hibernate-validator-5.3.6.Final.jar;D:\Girija\Repos\javax\validation\validation-api\1.1.0.Final\validation-api-1.1.0.Final.jar;D:\Girija\Repos\org\jboss\logging\jboss-logging\3.3.1.Final\jboss-logging-3.3.1.Final.jar;D:\Girija\Repos\com\fasterxml\classmate\1.3.4\classmate-1.3.4.jar;D:\Girija\Repos\com\fasterxml\jackson\core\jackson-databind\2.8.10\jackson-databind-2.8.10.jar;D:\Girija\Repos\com\fasterxml\jackson\core\jackson-annotations\2.8.0\jackson-annotations-2.8.0.jar;D:\Girija\Repos\com\fasterxml\jackson\core\jackson-core\2.8.10\jackson-core-2.8.10.jar;D:\Girija\Repos\org\springframework\spring-web\4.3.14.RELEASE\spring-web-4.3.14.RELEASE.jar;D:\Girija\Repos\org\springframework\spring-aop\4.3.14.RELEASE\spring-aop-4.3.14.RELEASE.jar;D:\Girija\Repos\org\springframework\spring-beans\4.3.14.RELEASE\spring-beans-4.3.14.RELEASE.jar;D:\Girija\Repos\org\springframework\spring-context\4.3.14.RELEASE\spring-context-4.3.14.RELEASE.jar;D:\Girija\Repos\org\springframework\spring-webmvc\4.3.14.RELEASE\spring-webmvc-4.3.14.RELEASE.jar;D:\Girija\Repos\org\springframework\spring-expression\4.3.14.RELEASE\spring-expression-4.3.14.RELEASE.jar;D:\Girija\Repos\org\springframework\boot\spring-boot-starter-test\1.5.10.RELEASE\spring-boot-starter-test-1.5.10.RELEASE.jar;D:\Girija\Repos\org\springframework\boot\spring-boot-test\1.5.10.RELEASE\spring-boot-test-1.5.10.RELEASE.jar;D:\Girija\Repos\org\springframework\boot\spring-boot-test-autoconfigure\1.5.10.RELEASE\spring-boot-test-autoconfigure-1.5.10.RELEASE.jar;D:\Girija\Repos\com\jayway\jsonpath\json-path\2.2.0\json-path-2.2.0.jar;D:\Girija\Repos\net\minidev\json-smart\2.2.1\json-smart-2.2.1.jar;D:\Girija\Repos\net\minidev\accessors-smart\1.1\accessors-smart-1.1.jar;D:\Girija\Repos\org\ow2\asm\asm\5.0.3\asm-5.0.3.jar;D:\Girija\Repos\org\slf4j\slf4j-api\1.7.25\slf4j-api-1.7.25.jar;D:\Girija\Repos\org\assertj\assertj-core\2.6.0\assertj-core-2.6.0.jar;D:\Girija\Repos\org\hamcrest\hamcrest-core\1.3\hamcrest-core-1.3.jar;D:\Girija\Repos\org\hamcrest\hamcrest-library\1.3\hamcrest-library-1.3.jar;D:\Girija\Repos\org\skyscreamer\jsonassert\1.4.0\jsonassert-1.4.0.jar;D:\Girija\Repos\com\vaadin\external\google\android-json\0.0.20131108.vaadin1\android-json-0.0.20131108.vaadin1.jar;D:\Girija\Repos\org\springframework\spring-core\4.3.14.RELEASE\spring-core-4.3.14.RELEASE.jar;D:\Girija\Repos\org\springframework\spring-test\4.3.14.RELEASE\spring-test-4.3.14.RELEASE.jar;D:\Girija\Repos\org\junit\jupiter\junit-jupiter-engine\5.5.2\junit-jupiter-engine-5.5.2.jar;D:\Girija\Repos\org\apiguardian\apiguardian-api\1.1.0\apiguardian-api-1.1.0.jar;D:\Girija\Repos\org\junit\platform\junit-platform-engine\1.5.2\junit-platform-engine-1.5.2.jar;D:\Girija\Repos\org\opentest4j\opentest4j\1.2.0\opentest4j-1.2.0.jar;D:\Girija\Repos\org\junit\platform\junit-platform-commons\1.5.2\junit-platform-commons-1.5.2.jar;D:\Girija\Repos\org\junit\jupiter\junit-jupiter-api\5.5.2\junit-jupiter-api-5.5.2.jar;D:\Girija\Repos\org\springframework\boot\spring-boot-devtools\1.5.10.RELEASE\spring-boot-devtools-1.5.10.RELEASE.jar;D:\Girija\Repos\org\springframework\boot\spring-boot\1.5.10.RELEASE\spring-boot-1.5.10.RELEASE.jar;D:\Girija\Repos\org\springframework\boot\spring-boot-autoconfigure\1.5.10.RELEASE\spring-boot-autoconfigure-1.5.10.RELEASE.jar;D:\Girija\Repos\org\mongodb\mongo-java-driver\3.9.1\mongo-java-driver-3.9.1.jar;"/>
    <property name="java.vm.vendor" value="Oracle Corporation"/>
    <property name="sun.arch.data.model" value="64"/>
    <property name="user.variant" value=""/>
    <property name="java.vendor.url" value="http://java.oracle.com/"/>
    <property name="user.timezone" value="Asia/Calcutta"/>
    <property name="java.vm.specification.version" value="1.8"/>
    <property name="os.name" value="Windows 10"/>
    <property name="user.country" value="IN"/>
    <property name="sun.java.launcher" value="SUN_STANDARD"/>
    <property name="sun.boot.library.path" value="C:\Program Files\Java\jdk1.8.0_211\jre\bin"/>
    <property name="sun.java.command" value="C:\Users\GUR56371\AppData\Local\Temp\surefire3545637633596145059\surefirebooter2432865998091031228.jar C:\Users\GUR56371\AppData\Local\Temp\surefire3545637633596145059 2020-04-28T14-12-54_820-jvmRun1 surefire418536504239098731tmp surefire_07925903324684130743tmp"/>
    <property name="surefire.test.class.path" value="D:\Girija\PIM\workspace\mongo\target\test-classes;D:\Girija\PIM\workspace\mongo\target\classes;D:\Girija\Repos\org\mockito\mockito-core\2.21.0\mockito-core-2.21.0.jar;D:\Girija\Repos\net\bytebuddy\byte-buddy\1.8.15\byte-buddy-1.8.15.jar;D:\Girija\Repos\net\bytebuddy\byte-buddy-agent\1.8.15\byte-buddy-agent-1.8.15.jar;D:\Girija\Repos\org\objenesis\objenesis\2.6\objenesis-2.6.jar;D:\Girija\Repos\org\projectlombok\lombok\1.18.8\lombok-1.18.8.jar;D:\Girija\Repos\org\springframework\boot\spring-boot-starter-web\1.5.10.RELEASE\spring-boot-starter-web-1.5.10.RELEASE.jar;D:\Girija\Repos\org\springframework\boot\spring-boot-starter\1.5.10.RELEASE\spring-boot-starter-1.5.10.RELEASE.jar;D:\Girija\Repos\org\springframework\boot\spring-boot-starter-logging\1.5.10.RELEASE\spring-boot-starter-logging-1.5.10.RELEASE.jar;D:\Girija\Repos\ch\qos\logback\logback-classic\1.1.11\logback-classic-1.1.11.jar;D:\Girija\Repos\ch\qos\logback\logback-core\1.1.11\logback-core-1.1.11.jar;D:\Girija\Repos\org\slf4j\jcl-over-slf4j\1.7.25\jcl-over-slf4j-1.7.25.jar;D:\Girija\Repos\org\slf4j\jul-to-slf4j\1.7.25\jul-to-slf4j-1.7.25.jar;D:\Girija\Repos\org\slf4j\log4j-over-slf4j\1.7.25\log4j-over-slf4j-1.7.25.jar;D:\Girija\Repos\org\yaml\snakeyaml\1.17\snakeyaml-1.17.jar;D:\Girija\Repos\org\springframework\boot\spring-boot-starter-tomcat\1.5.10.RELEASE\spring-boot-starter-tomcat-1.5.10.RELEASE.jar;D:\Girija\Repos\org\apache\tomcat\embed\tomcat-embed-core\8.5.27\tomcat-embed-core-8.5.27.jar;D:\Girija\Repos\org\apache\tomcat\tomcat-annotations-api\8.5.27\tomcat-annotations-api-8.5.27.jar;D:\Girija\Repos\org\apache\tomcat\embed\tomcat-embed-el\8.5.27\tomcat-embed-el-8.5.27.jar;D:\Girija\Repos\org\apache\tomcat\embed\tomcat-embed-websocket\8.5.27\tomcat-embed-websocket-8.5.27.jar;D:\Girija\Repos\org\hibernate\hibernate-validator\5.3.6.Final\hibernate-validator-5.3.6.Final.jar;D:\Girija\Repos\javax\validation\validation-api\1.1.0.Final\validation-api-1.1.0.Final.jar;D:\Girija\Repos\org\jboss\logging\jboss-logging\3.3.1.Final\jboss-logging-3.3.1.Final.jar;D:\Girija\Repos\com\fasterxml\classmate\1.3.4\classmate-1.3.4.jar;D:\Girija\Repos\com\fasterxml\jackson\core\jackson-databind\2.8.10\jackson-databind-2.8.10.jar;D:\Girija\Repos\com\fasterxml\jackson\core\jackson-annotations\2.8.0\jackson-annotations-2.8.0.jar;D:\Girija\Repos\com\fasterxml\jackson\core\jackson-core\2.8.10\jackson-core-2.8.10.jar;D:\Girija\Repos\org\springframework\spring-web\4.3.14.RELEASE\spring-web-4.3.14.RELEASE.jar;D:\Girija\Repos\org\springframework\spring-aop\4.3.14.RELEASE\spring-aop-4.3.14.RELEASE.jar;D:\Girija\Repos\org\springframework\spring-beans\4.3.14.RELEASE\spring-beans-4.3.14.RELEASE.jar;D:\Girija\Repos\org\springframework\spring-context\4.3.14.RELEASE\spring-context-4.3.14.RELEASE.jar;D:\Girija\Repos\org\springframework\spring-webmvc\4.3.14.RELEASE\spring-webmvc-4.3.14.RELEASE.jar;D:\Girija\Repos\org\springframework\spring-expression\4.3.14.RELEASE\spring-expression-4.3.14.RELEASE.jar;D:\Girija\Repos\org\springframework\boot\spring-boot-starter-test\1.5.10.RELEASE\spring-boot-starter-test-1.5.10.RELEASE.jar;D:\Girija\Repos\org\springframework\boot\spring-boot-test\1.5.10.RELEASE\spring-boot-test-1.5.10.RELEASE.jar;D:\Girija\Repos\org\springframework\boot\spring-boot-test-autoconfigure\1.5.10.RELEASE\spring-boot-test-autoconfigure-1.5.10.RELEASE.jar;D:\Girija\Repos\com\jayway\jsonpath\json-path\2.2.0\json-path-2.2.0.jar;D:\Girija\Repos\net\minidev\json-smart\2.2.1\json-smart-2.2.1.jar;D:\Girija\Repos\net\minidev\accessors-smart\1.1\accessors-smart-1.1.jar;D:\Girija\Repos\org\ow2\asm\asm\5.0.3\asm-5.0.3.jar;D:\Girija\Repos\org\slf4j\slf4j-api\1.7.25\slf4j-api-1.7.25.jar;D:\Girija\Repos\org\assertj\assertj-core\2.6.0\assertj-core-2.6.0.jar;D:\Girija\Repos\org\hamcrest\hamcrest-core\1.3\hamcrest-core-1.3.jar;D:\Girija\Repos\org\hamcrest\hamcrest-library\1.3\hamcrest-library-1.3.jar;D:\Girija\Repos\org\skyscreamer\jsonassert\1.4.0\jsonassert-1.4.0.jar;D:\Girija\Repos\com\vaadin\external\google\android-json\0.0.20131108.vaadin1\android-json-0.0.20131108.vaadin1.jar;D:\Girija\Repos\org\springframework\spring-core\4.3.14.RELEASE\spring-core-4.3.14.RELEASE.jar;D:\Girija\Repos\org\springframework\spring-test\4.3.14.RELEASE\spring-test-4.3.14.RELEASE.jar;D:\Girija\Repos\org\junit\jupiter\junit-jupiter-engine\5.5.2\junit-jupiter-engine-5.5.2.jar;D:\Girija\Repos\org\apiguardian\apiguardian-api\1.1.0\apiguardian-api-1.1.0.jar;D:\Girija\Repos\org\junit\platform\junit-platform-engine\1.5.2\junit-platform-engine-1.5.2.jar;D:\Girija\Repos\org\opentest4j\opentest4j\1.2.0\opentest4j-1.2.0.jar;D:\Girija\Repos\org\junit\platform\junit-platform-commons\1.5.2\junit-platform-commons-1.5.2.jar;D:\Girija\Repos\org\junit\jupiter\junit-jupiter-api\5.5.2\junit-jupiter-api-5.5.2.jar;D:\Girija\Repos\org\springframework\boot\spring-boot-devtools\1.5.10.RELEASE\spring-boot-devtools-1.5.10.RELEASE.jar;D:\Girija\Repos\org\springframework\boot\spring-boot\1.5.10.RELEASE\spring-boot-1.5.10.RELEASE.jar;D:\Girija\Repos\org\springframework\boot\spring-boot-autoconfigure\1.5.10.RELEASE\spring-boot-autoconfigure-1.5.10.RELEASE.jar;D:\Girija\Repos\org\mongodb\mongo-java-driver\3.9.1\mongo-java-driver-3.9.1.jar;"/>
    <property name="sun.cpu.endian" value="little"/>
    <property name="user.home" value="C:\Users\GUR56371"/>
    <property name="user.language" value="en"/>
    <property name="java.specification.vendor" value="Oracle Corporation"/>
    <property name="java.home" value="C:\Program Files\Java\jdk1.8.0_211\jre"/>
    <property name="basedir" value="D:\Girija\PIM\workspace\mongo"/>
    <property name="file.separator" value="\"/>
    <property name="line.separator" value="&#10;"/>
    <property name="java.vm.specification.vendor" value="Oracle Corporation"/>
    <property name="java.specification.name" value="Java Platform API Specification"/>
    <property name="java.awt.graphicsenv" value="sun.awt.Win32GraphicsEnvironment"/>
    <property name="surefire.real.class.path" value="C:\Users\GUR56371\AppData\Local\Temp\surefire3545637633596145059\surefirebooter2432865998091031228.jar"/>
    <property name="sun.boot.class.path" value="C:\Program Files\Java\jdk1.8.0_211\jre\lib\resources.jar;C:\Program Files\Java\jdk1.8.0_211\jre\lib\rt.jar;C:\Program Files\Java\jdk1.8.0_211\jre\lib\sunrsasign.jar;C:\Program Files\Java\jdk1.8.0_211\jre\lib\jsse.jar;C:\Program Files\Java\jdk1.8.0_211\jre\lib\jce.jar;C:\Program Files\Java\jdk1.8.0_211\jre\lib\charsets.jar;C:\Program Files\Java\jdk1.8.0_211\jre\lib\jfr.jar;C:\Program Files\Java\jdk1.8.0_211\jre\classes"/>
    <property name="user.script" value=""/>
    <property name="sun.management.compiler" value="HotSpot 64-Bit Tiered Compilers"/>
    <property name="java.runtime.version" value="1.8.0_211-b12"/>
    <property name="user.name" value="GUR56371"/>
    <property name="path.separator" value=";"/>
    <property name="os.version" value="10.0"/>
    <property name="java.endorsed.dirs" value="C:\Program Files\Java\jdk1.8.0_211\jre\lib\endorsed"/>
    <property name="java.runtime.name" value="Java(TM) SE Runtime Environment"/>
    <property name="file.encoding" value="Cp1252"/>
    <property name="java.vm.name" value="Java HotSpot(TM) 64-Bit Server VM"/>
    <property name="localRepository" value="D:\Girija\Repos"/>
    <property name="java.vendor.url.bug" value="http://bugreport.sun.com/bugreport/"/>
    <property name="java.io.tmpdir" value="C:\Users\GUR56371\AppData\Local\Temp\"/>
    <property name="java.version" value="1.8.0_211"/>
    <property name="user.dir" value="D:\Girija\PIM\workspace\mongo"/>
    <property name="os.arch" value="amd64"/>
    <property name="java.vm.specification.name" value="Java Virtual Machine Specification"/>
    <property name="java.awt.printerjob" value="sun.awt.windows.WPrinterJob"/>
    <property name="sun.os.patch.level" value=""/>
    <property name="idea.version2019.3.3" value="true"/>
    <property name="java.library.path" value="C:\Program Files\Java\jdk1.8.0_211\jre\bin;C:\Windows\Sun\Java\bin;C:\Windows\system32;C:\Windows;C:\Program Files (x86)\Common Files\Oracle\Java\javapath;C:\Program Files\Common Files\Microsoft Shared\Microsoft Online Services;C:\Program Files (x86)\Common Files\Microsoft Shared\Microsoft Online Services;C:\Windows\system32;C:\Windows;C:\Windows\System32\Wbem;C:\Windows\System32\WindowsPowerShell\v1.0\;C:\Windows\System32\OpenSSH\;C:\Program Files\PuTTY\;C:\Windows\CCM;C:\Windows\CCM;C:\Program Files\Citrix\System32\;C:\Program Files\Citrix\ICAService\;C:\Program Files\Java\jdk1.8.0_211\bin;D:\Girija\apache-maven-3.6.1\bin;C:\Program Files\nodejs\;C:\Users\GUR56371\AppData\Local\Microsoft\WindowsApps;C:\Users\GUR56371\AppData\Local\Programs\Microsoft VS Code\bin;C:\Users\GUR56371\AppData\Local\GitHubDesktop\bin;C:\Program Files\JetBrains\IntelliJ IDEA Community Edition 2019.3.3\bin;;."/>
    <property name="java.vm.info" value="mixed mode"/>
    <property name="java.vendor" value="Oracle Corporation"/>
    <property name="java.vm.version" value="25.211-b12"/>
    <property name="java.ext.dirs" value="C:\Program Files\Java\jdk1.8.0_211\jre\lib\ext;C:\Windows\Sun\Java\lib\ext"/>
    <property name="sun.io.unicode.encoding" value="UnicodeLittle"/>
    <property name="maven.repo.local" value="D:\Girija\Repos"/>
    <property name="java.class.version" value="52.0"/>
  </properties>
  <testcase name="createConection" classname="com.pim.poc.mongodb.connection.MongoDbConnectionTest" time="0.441"/>
</testsuite>